  Generate moc_predefs.h
  Uic'ing optionsdialog.ui...
  Uic'ing searchdialog.ui...
  Rcc'ing qhexedit.qrc...
  Moc'ing ..\src\chunks.h...
  Moc'ing ..\src\commands.h...
  Moc'ing mainwindow.h...
  Moc'ing optionsdialog.h...
  Moc'ing ..\src\qhexedit.h...
  Moc'ing searchdialog.h...
  chunks.cpp
  commands.cpp
  main.cpp
  mainwindow.cpp
  optionsdialog.cpp
  qhexedit.cpp
  searchdialog.cpp
  qrc_qhexedit.cpp
  moc_chunks.cpp
  moc_commands.cpp
  moc_mainwindow.cpp
  moc_optionsdialog.cpp
  moc_qhexedit.cpp
  moc_searchdialog.cpp
    正在创建库 release\\qhexedit.lib 和对象 release\\qhexedit.exp
  qhexedit.vcxproj -> F:\qt_projects\qhexedit2-master\example\release\qhexedit.exe
